Start testing: Apr 21 23:30 CST
----------------------------------------------------------
1/28 Testing: demangle
1/28 Test: demangle
Command: "/Users/zhanyuxiao/Desktop/Class_materials/database/labs/lab6/minisql/cmake-build-debug/glog-build/demangle_unittest"
Directory: /Users/zhanyuxiao/Desktop/Class_materials/database/labs/lab6/minisql/cmake-build-debug/glog-build
"demangle" start time: Apr 21 23:30 CST
Output:
----------------------------------------------------------
Passed 3 tests

PASS
<end of output>
Test time =   0.90 sec
----------------------------------------------------------
Test Passed.
"demangle" end time: Apr 21 23:30 CST
"demangle" time elapsed: 00:00:00
----------------------------------------------------------

2/28 Testing: logging
2/28 Test: logging
Command: "/Users/zhanyuxiao/Desktop/Class_materials/database/labs/lab6/minisql/cmake-build-debug/glog-build/logging_unittest"
Directory: /Users/zhanyuxiao/Desktop/Class_materials/database/labs/lab6/minisql/cmake-build-debug/glog-build
"logging" start time: Apr 21 23:30 CST
Output:
----------------------------------------------------------
F20250421 23:30:24.977608 17195050 logging_unittest.cc:309] unexpected new
*** Check failure stack trace: ***
F00000000 00:00:00.000000 17195050 logging_unittest.cc:480] RAW: Check false failed: failure 1
F00000000 00:00:00.000000 17195050 logging_unittest.cc:482] RAW: Check 1 == 2 failed: failure 2
F20250421 23:30:24.977658 17195050 logging_unittest.cc:631] CHECK_STREQ failed: __null == "this" ( vs. this)
*** Check failure stack trace: ***
F20250421 23:30:24.977658 17195050 logging_unittest.cc:631] CHECK_STREQ failed: __null == "this" ( vs. this)F20250421 23:30:24.977664 17195050 logging_unittest.cc:632] CHECK_STREQ failed: "this" == "siht" (this vs. siht)
*** Check failure stack trace: ***
F20250421 23:30:24.977658 17195050 logging_unittest.cc:631] CHECK_STREQ failed: __null == "this" ( vs. this)F20250421 23:30:24.977664 17195050 logging_unittest.cc:632] CHECK_STREQ failed: "this" == "siht" (this vs. siht)F20250421 23:30:24.977672 17195050 logging_unittest.cc:633] CHECK_STRCASEEQ failed: __null == "siht" ( vs. siht)
*** Check failure stack trace: ***
F20250421 23:30:24.977658 17195050 logging_unittest.cc:631] CHECK_STREQ failed: __null == "this" ( vs. this)F20250421 23:30:24.977664 17195050 logging_unittest.cc:632] CHECK_STREQ failed: "this" == "siht" (this vs. siht)F20250421 23:30:24.977672 17195050 logging_unittest.cc:633] CHECK_STRCASEEQ failed: __null == "siht" ( vs. siht)F20250421 23:30:24.977679 17195050 logging_unittest.cc:634] CHECK_STRCASEEQ failed: "this" == "siht" (this vs. siht)
*** Check failure stack trace: ***
F20250421 23:30:24.977658 17195050 logging_unittest.cc:631] CHECK_STREQ failed: __null == "this" ( vs. this)F20250421 23:30:24.977664 17195050 logging_unittest.cc:632] CHECK_STREQ failed: "this" == "siht" (this vs. siht)F20250421 23:30:24.977672 17195050 logging_unittest.cc:633] CHECK_STRCASEEQ failed: __null == "siht" ( vs. siht)F20250421 23:30:24.977679 17195050 logging_unittest.cc:634] CHECK_STRCASEEQ failed: "this" == "siht" (this vs. siht)F20250421 23:30:24.977684 17195050 logging_unittest.cc:635] CHECK_STRNE failed: __null != __null ( vs. )
*** Check failure stack trace: ***
F20250421 23:30:24.977658 17195050 logging_unittest.cc:631] CHECK_STREQ failed: __null == "this" ( vs. this)F20250421 23:30:24.977664 17195050 logging_unittest.cc:632] CHECK_STREQ failed: "this" == "siht" (this vs. siht)F20250421 23:30:24.977672 17195050 logging_unittest.cc:633] CHECK_STRCASEEQ failed: __null == "siht" ( vs. siht)F20250421 23:30:24.977679 17195050 logging_unittest.cc:634] CHECK_STRCASEEQ failed: "this" == "siht" (this vs. siht)F20250421 23:30:24.977684 17195050 logging_unittest.cc:635] CHECK_STRNE failed: __null != __null ( vs. )F20250421 23:30:24.977689 17195050 logging_unittest.cc:636] CHECK_STRNE failed: "this" != "this" (this vs. this)
*** Check failure stack trace: ***
F20250421 23:30:24.977658 17195050 logging_unittest.cc:631] CHECK_STREQ failed: __null == "this" ( vs. this)F20250421 23:30:24.977664 17195050 logging_unittest.cc:632] CHECK_STREQ failed: "this" == "siht" (this vs. siht)F20250421 23:30:24.977672 17195050 logging_unittest.cc:633] CHECK_STRCASEEQ failed: __null == "siht" ( vs. siht)F20250421 23:30:24.977679 17195050 logging_unittest.cc:634] CHECK_STRCASEEQ failed: "this" == "siht" (this vs. siht)F20250421 23:30:24.977684 17195050 logging_unittest.cc:635] CHECK_STRNE failed: __null != __null ( vs. )F20250421 23:30:24.977689 17195050 logging_unittest.cc:636] CHECK_STRNE failed: "this" != "this" (this vs. this)F20250421 23:30:24.977695 17195050 logging_unittest.cc:637] CHECK_STREQ failed: (string("a")+"b").c_str() == "abc" (ab vs. abc)
*** Check failure stack trace: ***
F20250421 23:30:24.977658 17195050 logging_unittest.cc:631] CHECK_STREQ failed: __null == "this" ( vs. this)F20250421 23:30:24.977664 17195050 logging_unittest.cc:632] CHECK_STREQ failed: "this" == "siht" (this vs. siht)F20250421 23:30:24.977672 17195050 logging_unittest.cc:633] CHECK_STRCASEEQ failed: __null == "siht" ( vs. siht)F20250421 23:30:24.977679 17195050 logging_unittest.cc:634] CHECK_STRCASEEQ failed: "this" == "siht" (this vs. siht)F20250421 23:30:24.977684 17195050 logging_unittest.cc:635] CHECK_STRNE failed: __null != __null ( vs. )F20250421 23:30:24.977689 17195050 logging_unittest.cc:636] CHECK_STRNE failed: "this" != "this" (this vs. this)F20250421 23:30:24.977695 17195050 logging_unittest.cc:637] CHECK_STREQ failed: (string("a")+"b").c_str() == "abc" (ab vs. abc)F20250421 23:30:24.977715 17195050 logging_unittest.cc:652] Check failed: 'static_cast<void *>(NULL)' Must be non NULL 
*** Check failure stack trace: ***
Passed 8 tests

PASS
I20250421 23:30:25.249794 17195050 googletest.h:535] Diff was successful
==== Test setting log file basename
==== Test setting log file basename without timestamp and appending properly
I20250421 23:30:25.250751 17195050 logging_unittest.cc:748] message to new base, appending to preexisting file
==== Test setting log file basename and two processes writing - second should fail
I20250421 23:30:25.251139 17195050 logging_unittest.cc:771] message to new base, parent
Could not create log file: Resource temporarily unavailable
COULD NOT CREATE LOGFILE '20250421-233025.86440'!
I20250421 23:30:25.252167 17195060 logging_unittest.cc:777] message to new base, child - should only appear on STDERR not on the file
==== Test setting log file symlink
I20250421 23:30:25.252895 17195050 logging_unittest.cc:804] message to new symlink
==== Test setting log file extension
I20250421 23:30:25.253309 17195050 logging_unittest.cc:820] message to new extension
==== Test log wrapper
I20250421 23:30:25.253762 17195050 logging_unittest.cc:856] Send to wrapped logger
==== Test errno preservation
I20250421 23:30:25.253784 17195050 logging_unittest.cc:263] foo bar 10 3.4
E20250421 23:30:25.253796 17195050 logging_unittest.cc:267] Plog every 2, iteration 11: Undefined error: 0 [0]
W20250421 23:30:25.253805 17195050 logging_unittest.cc:273] Log if every 5, iteration 11
I20250421 23:30:25.253811 17195050 logging_unittest.cc:276] Log if every 1, iteration 11
I20250421 23:30:25.253818 17195050 logging_unittest.cc:276] Log if every 1, iteration 12
E20250421 23:30:25.253823 17195050 logging_unittest.cc:277] Log if less than 3 every 2, iteration 12
E20250421 23:30:25.253829 17195050 logging_unittest.cc:267] Plog every 2, iteration 13: No such file or directory [2]
E20250421 23:30:25.253836 17195050 logging_unittest.cc:270] Log every 3, iteration 13
E20250421 23:30:25.253842 17195050 logging_unittest.cc:271] Log every 4, iteration 13
I20250421 23:30:25.253847 17195050 logging_unittest.cc:276] Log if every 1, iteration 13
I20250421 23:30:25.253854 17195050 logging_unittest.cc:276] Log if every 1, iteration 14
E20250421 23:30:25.253858 17195050 logging_unittest.cc:267] Plog every 2, iteration 15: Interrupted system call [4]
I20250421 23:30:25.253865 17195050 logging_unittest.cc:276] Log if every 1, iteration 15
E20250421 23:30:25.253870 17195050 logging_unittest.cc:270] Log every 3, iteration 16
W20250421 23:30:25.253875 17195050 logging_unittest.cc:273] Log if every 5, iteration 16
I20250421 23:30:25.253880 17195050 logging_unittest.cc:276] Log if every 1, iteration 16
E20250421 23:30:25.253885 17195050 logging_unittest.cc:267] Plog every 2, iteration 17: Device not configured [6]
E20250421 23:30:25.253891 17195050 logging_unittest.cc:271] Log every 4, iteration 17
I20250421 23:30:25.253897 17195050 logging_unittest.cc:276] Log if every 1, iteration 17
I20250421 23:30:25.253902 17195050 logging_unittest.cc:276] Log if every 1, iteration 18
E20250421 23:30:25.253908 17195050 logging_unittest.cc:267] Plog every 2, iteration 19: Exec format error [8]
E20250421 23:30:25.253913 17195050 logging_unittest.cc:270] Log every 3, iteration 19
I20250421 23:30:25.253919 17195050 logging_unittest.cc:276] Log if every 1, iteration 19
I20250421 23:30:25.253924 17195050 logging_unittest.cc:276] Log if every 1, iteration 20
W20250421 23:30:25.253930 17195050 logging_unittest.cc:280] log_if this
I20250421 23:30:25.253935 17195050 logging_unittest.cc:284] array
I20250421 23:30:25.253940 17195050 logging_unittest.cc:286] const array
E20250421 23:30:25.253945 17195050 logging_unittest.cc:288] foo 1000       1000 3e8
I20250421 23:30:25.253952 17195050 logging_unittest.cc:290] foo          1
E20250421 23:30:25.253962 17195050 logging_unittest.cc:296] inner
E20250421 23:30:25.253957 17195050 logging_unittest.cc:293] outer
no prefix
==== Test log truncation
I20250421 23:30:25.254091 17195050 logging.cc:2395] Truncating /tmp/truncatefile to 10 bytes
I20250421 23:30:25.657505 17195050 logging.cc:2395] Truncating /tmp/truncatefile to 4096 bytes
==== Test log periodically
I20250421 23:30:25.658326 17195050 logging_unittest.cc:1070] Timed Message #1
I20250421 23:30:25.668325 17195050 logging_unittest.cc:1070] Timed Message #2
I20250421 23:30:25.678326 17195050 logging_unittest.cc:1070] Timed Message #3
I20250421 23:30:25.688326 17195050 logging_unittest.cc:1070] Timed Message #4
I20250421 23:30:25.698326 17195050 logging_unittest.cc:1070] Timed Message #5
I20250421 23:30:25.708326 17195050 logging_unittest.cc:1070] Timed Message #6
I20250421 23:30:25.718326 17195050 logging_unittest.cc:1070] Timed Message #7
I20250421 23:30:25.728327 17195050 logging_unittest.cc:1070] Timed Message #8
I20250421 23:30:25.738327 17195050 logging_unittest.cc:1070] Timed Message #9
I20250421 23:30:25.748327 17195050 logging_unittest.cc:1070] Timed Message #10
PASS
<end of output>
Test time =   1.17 sec
----------------------------------------------------------
Test Passed.
"logging" end time: Apr 21 23:30 CST
"logging" time elapsed: 00:00:01
----------------------------------------------------------

3/28 Testing: signalhandler
3/28 Test: signalhandler
Command: "/Users/zhanyuxiao/Desktop/Class_materials/database/labs/lab6/minisql/cmake-build-debug/glog-build/signalhandler_unittest"
Directory: /Users/zhanyuxiao/Desktop/Class_materials/database/labs/lab6/minisql/cmake-build-debug/glog-build
"signalhandler" start time: Apr 21 23:30 CST
Output:
----------------------------------------------------------
OK
<end of output>
Test time =   0.69 sec
----------------------------------------------------------
Test Passed.
"signalhandler" end time: Apr 21 23:30 CST
"signalhandler" time elapsed: 00:00:00
----------------------------------------------------------

4/28 Testing: stacktrace
4/28 Test: stacktrace
Command: "/Users/zhanyuxiao/Desktop/Class_materials/database/labs/lab6/minisql/cmake-build-debug/glog-build/stacktrace_unittest"
Directory: /Users/zhanyuxiao/Desktop/Class_materials/database/labs/lab6/minisql/cmake-build-debug/glog-build
"stacktrace" start time: Apr 21 23:30 CST
Output:
----------------------------------------------------------
Obtained 7 stack frames.
Obtained 7 stack frames.
0   stacktrace_unittest                 0x000000010469efc4 _ZL19CheckStackTraceLeafv + 628 0x10469efc4
1   stacktrace_unittest                 0x000000010469ed20 _ZL16CheckStackTrace4i + 612 0x10469ed20
2   stacktrace_unittest                 0x000000010469ea8c _ZL16CheckStackTrace3i + 616 0x10469ea8c
3   stacktrace_unittest                 0x000000010469e6cc _ZL16CheckStackTrace2i + 616 0x10469e6cc
4   stacktrace_unittest                 0x000000010469e338 _ZL16CheckStackTrace1i + 616 0x10469e338
5   stacktrace_unittest                 0x000000010469dff4 _Z15CheckStackTracei + 304 0x10469dff4
6   stacktrace_unittest                 0x000000010469e3ac main + 68 0x10469e3ac
CheckStackTrace() addr: 0x10469dec4
Backtrace 0: expected: 0x10469efac..0x10469f2b0  actual: 0x10469efc4 ... OK
Backtrace 1: expected: 0x10469ecf4..0x10469ed38  actual: 0x10469ed20 ... OK
Backtrace 2: expected: 0x10469ea5c..0x10469eaa4  actual: 0x10469ea8c ... OK
Backtrace 3: expected: 0x10469e69c..0x10469e6e4  actual: 0x10469e6cc ... OK
Backtrace 4: expected: 0x10469e308..0x10469e350  actual: 0x10469e338 ... OK
Backtrace 5: expected: 0x10469dfc4..0x10469e00c  actual: 0x10469dff4 ... OK
PASS
<end of output>
Test time =   0.52 sec
----------------------------------------------------------
Test Passed.
"stacktrace" end time: Apr 21 23:30 CST
"stacktrace" time elapsed: 00:00:00
----------------------------------------------------------

5/28 Testing: stl_logging
5/28 Test: stl_logging
Command: "/Users/zhanyuxiao/Desktop/Class_materials/database/labs/lab6/minisql/cmake-build-debug/glog-build/stl_logging_unittest"
Directory: /Users/zhanyuxiao/Desktop/Class_materials/database/labs/lab6/minisql/cmake-build-debug/glog-build
"stl_logging" start time: Apr 21 23:30 CST
Output:
----------------------------------------------------------
PASS
<end of output>
Test time =   0.55 sec
----------------------------------------------------------
Test Passed.
"stl_logging" end time: Apr 21 23:30 CST
"stl_logging" time elapsed: 00:00:00
----------------------------------------------------------

6/28 Testing: symbolize
6/28 Test: symbolize
Command: "/Users/zhanyuxiao/Desktop/Class_materials/database/labs/lab6/minisql/cmake-build-debug/glog-build/symbolize_unittest"
Directory: /Users/zhanyuxiao/Desktop/Class_materials/database/labs/lab6/minisql/cmake-build-debug/glog-build
"symbolize" start time: Apr 21 23:30 CST
Output:
----------------------------------------------------------
PASS (no symbolize_unittest support)
<end of output>
Test time =   0.50 sec
----------------------------------------------------------
Test Passed.
"symbolize" end time: Apr 21 23:30 CST
"symbolize" time elapsed: 00:00:00
----------------------------------------------------------

7/28 Testing: cmake_package_config_init
7/28 Test: cmake_package_config_init
Command: "/Applications/CLion.app/Contents/bin/cmake/mac/aarch64/bin/cmake" "-DTEST_BINARY_DIR=/Users/zhanyuxiao/Desktop/Class_materials/database/labs/lab6/minisql/cmake-build-debug/glog-build/test_package_config" "-DINITIAL_CACHE=/Users/zhanyuxiao/Desktop/Class_materials/database/labs/lab6/minisql/cmake-build-debug/glog-build/test_package_config/glog_package_config_initial_cache.cmake" "-DCACHEVARS=set (BUILD_TESTING ON CACHE BOOL "Build the testing tree.")
set (CLANG_FORMAT_BIN "CLANG_FORMAT_BIN-NOTFOUND" CACHE FILEPATH "Path to a program.")
set (CMAKE_ADDR2LINE "CMAKE_ADDR2LINE-NOTFOUND" CACHE FILEPATH "Path to a program.")
set (CMAKE_AR "/Library/Developer/CommandLineTools/usr/bin/ar" CACHE FILEPATH "Path to a program.")
set (CMAKE_AR "/Library/Developer/CommandLineTools/usr/bin/ar" CACHE FILEPATH "Path to a program.")
set (CMAKE_BUILD_TYPE "Debug" CACHE STRING "Choose the type of build, options are: None Debug Release RelWithDebInfo MinSizeRel ...")
set (CMAKE_COLOR_DIAGNOSTICS ON CACHE BOOL "Enable colored diagnostics throughout.")
set (CMAKE_CXX_COMPILER "/Library/Developer/CommandLineTools/usr/bin/c++" CACHE FILEPATH "CXX compiler")
set (CMAKE_CXX_COMPILER "/Library/Developer/CommandLineTools/usr/bin/c++" CACHE FILEPATH "CXX compiler")
set (CMAKE_CXX_FLAGS_DEBUG "-g" CACHE STRING "Flags used by the CXX compiler during DEBUG builds.")
set (CMAKE_CXX_FLAGS_MINSIZEREL "-Os -DNDEBUG" CACHE STRING "Flags used by the CXX compiler during MINSIZEREL builds.")
set (CMAKE_CXX_FLAGS_RELEASE "-O3 -DNDEBUG" CACHE STRING "Flags used by the CXX compiler during RELEASE builds.")
set (CMAKE_CXX_FLAGS_RELWITHDEBINFO "-O2 -g -DNDEBUG" CACHE STRING "Flags used by the CXX compiler during RELWITHDEBINFO builds.")
set (CMAKE_C_COMPILER "/Library/Developer/CommandLineTools/usr/bin/cc" CACHE FILEPATH "C compiler")
set (CMAKE_C_COMPILER "/Library/Developer/CommandLineTools/usr/bin/cc" CACHE FILEPATH "C compiler")
set (CMAKE_C_FLAGS_DEBUG "-g" CACHE STRING "Flags used by the C compiler during DEBUG builds.")
set (CMAKE_C_FLAGS_MINSIZEREL "-Os -DNDEBUG" CACHE STRING "Flags used by the C compiler during MINSIZEREL builds.")
set (CMAKE_C_FLAGS_RELEASE "-O3 -DNDEBUG" CACHE STRING "Flags used by the C compiler during RELEASE builds.")
set (CMAKE_C_FLAGS_RELWITHDEBINFO "-O2 -g -DNDEBUG" CACHE STRING "Flags used by the C compiler during RELWITHDEBINFO builds.")
set (CMAKE_DLLTOOL "CMAKE_DLLTOOL-NOTFOUND" CACHE FILEPATH "Path to a program.")
set (CMAKE_INSTALL_BINDIR "bin" CACHE PATH "User executables (bin)")
set (CMAKE_INSTALL_DATAROOTDIR "share" CACHE PATH "Read-only architecture-independent data root (share)")
set (CMAKE_INSTALL_INCLUDEDIR "include" CACHE PATH "C header files (include)")
set (CMAKE_INSTALL_LIBDIR "lib" CACHE PATH "Object code libraries (lib)")
set (CMAKE_INSTALL_LIBEXECDIR "libexec" CACHE PATH "Program executables (libexec)")
set (CMAKE_INSTALL_LOCALSTATEDIR "var" CACHE PATH "Modifiable single-machine data (var)")
set (CMAKE_INSTALL_NAME_TOOL "/opt/anaconda3/bin/install_name_tool" CACHE FILEPATH "Path to a program.")
set (CMAKE_INSTALL_OLDINCLUDEDIR "/usr/include" CACHE PATH "C header files for non-gcc (/usr/include)")
set (CMAKE_INSTALL_PREFIX "/usr/local" CACHE PATH "Install path prefix, prepended onto install directories.")
set (CMAKE_INSTALL_SBINDIR "sbin" CACHE PATH "System admin executables (sbin)")
set (CMAKE_INSTALL_SHAREDSTATEDIR "com" CACHE PATH "Modifiable architecture-independent data (com)")
set (CMAKE_INSTALL_SYSCONFDIR "etc" CACHE PATH "Read-only single-machine data (etc)")
set (CMAKE_LINKER "/Library/Developer/CommandLineTools/usr/bin/ld" CACHE FILEPATH "Path to a program.")
set (CMAKE_LINKER "/Library/Developer/CommandLineTools/usr/bin/ld" CACHE FILEPATH "Path to a program.")
set (CMAKE_NM "/Library/Developer/CommandLineTools/usr/bin/nm" CACHE FILEPATH "Path to a program.")
set (CMAKE_OBJCOPY "CMAKE_OBJCOPY-NOTFOUND" CACHE FILEPATH "Path to a program.")
set (CMAKE_OBJDUMP "/Library/Developer/CommandLineTools/usr/bin/objdump" CACHE FILEPATH "Path to a program.")
set (CMAKE_OSX_SYSROOT "/Library/Developer/CommandLineTools/SDKs/MacOSX14.2.sdk" CACHE PATH "The product will be built against the headers and libraries located inside the indicated SDK.")
set (CMAKE_RANLIB "/Library/Developer/CommandLineTools/usr/bin/ranlib" CACHE FILEPATH "Path to a program.")
set (CMAKE_RANLIB "/Library/Developer/CommandLineTools/usr/bin/ranlib" CACHE FILEPATH "Path to a program.")
set (CMAKE_READELF "CMAKE_READELF-NOTFOUND" CACHE FILEPATH "Path to a program.")
set (CMAKE_SKIP_INSTALL_RPATH NO CACHE BOOL "If set, runtime paths are not added when installing shared libraries, but are added when building.")
set (CMAKE_SKIP_RPATH NO CACHE BOOL "If set, runtime paths are not added when using shared libraries.")
set (CMAKE_STRIP "/Library/Developer/CommandLineTools/usr/bin/strip" CACHE FILEPATH "Path to a program.")
set (CMAKE_TAPI "/Library/Developer/CommandLineTools/usr/bin/tapi" CACHE FILEPATH "Path to a program.")
set (CMAKE_TAPI "/Library/Developer/CommandLineTools/usr/bin/tapi" CACHE FILEPATH "Path to a program.")
set (CMAKE_VERBOSE_MAKEFILE FALSE CACHE BOOL "If this value is on, makefiles will be generated without the .SILENT directive, and all commands will be echoed to the console during the make.  This is useful for debugging only. With Visual Studio IDE projects all commands are done without /nologo.")
set (COVERAGE_COMMAND "/usr/bin/gcov" CACHE FILEPATH "Path to the coverage program that CTest uses for performing coverage inspection")
set (COVERAGE_EXTRA_FLAGS "-l" CACHE STRING "Extra command line flags to pass to the coverage tool")
set (CPACK_BINARY_BUNDLE OFF CACHE BOOL "Enable to build OSX bundles")
set (CPACK_BINARY_DEB OFF CACHE BOOL "Enable to build Debian packages")
set (CPACK_BINARY_DRAGNDROP OFF CACHE BOOL "Enable to build OSX Drag And Drop package")
set (CPACK_BINARY_FREEBSD OFF CACHE BOOL "Enable to build FreeBSD packages")
set (CPACK_BINARY_IFW OFF CACHE BOOL "Enable to build IFW packages")
set (CPACK_BINARY_NSIS OFF CACHE BOOL "Enable to build NSIS packages")
set (CPACK_BINARY_PRODUCTBUILD OFF CACHE BOOL "Enable to build productbuild packages")
set (CPACK_BINARY_RPM OFF CACHE BOOL "Enable to build RPM packages")
set (CPACK_BINARY_STGZ ON CACHE BOOL "Enable to build STGZ packages")
set (CPACK_BINARY_TBZ2 OFF CACHE BOOL "Enable to build TBZ2 packages")
set (CPACK_BINARY_TGZ ON CACHE BOOL "Enable to build TGZ packages")
set (CPACK_BINARY_TXZ OFF CACHE BOOL "Enable to build TXZ packages")
set (CPACK_SOURCE_RPM OFF CACHE BOOL "Enable to build RPM source packages")
set (CPACK_SOURCE_TBZ2 ON CACHE BOOL "Enable to build TBZ2 source packages")
set (CPACK_SOURCE_TGZ ON CACHE BOOL "Enable to build TGZ source packages")
set (CPACK_SOURCE_TXZ ON CACHE BOOL "Enable to build TXZ source packages")
set (CPACK_SOURCE_TZ ON CACHE BOOL "Enable to build TZ source packages")
set (CPACK_SOURCE_ZIP OFF CACHE BOOL "Enable to build ZIP source packages")
set (CTEST_SUBMIT_RETRY_COUNT "3" CACHE STRING "How many times to retry timed-out CTest submissions.")
set (CTEST_SUBMIT_RETRY_DELAY "5" CACHE STRING "How long to wait between timed-out CTest submissions.")
set (DART_TESTING_TIMEOUT "1500" CACHE STRING "Maximum time allowed before CTest will kill the test.")
set (INSTALL_GTEST ON CACHE BOOL "Enable installation of googletest. (Projects embedding googletest may want to turn this OFF.)")
set (MAKECOMMAND "/Applications/CLion.app/Contents/bin/cmake/mac/aarch64/bin/cmake --build . --config \"${CTEST_CONFIGURATION_TYPE}\"" CACHE STRING "Command to build the project")
set (MEMORYCHECK_COMMAND "MEMORYCHECK_COMMAND-NOTFOUND" CACHE FILEPATH "Path to the memory checking command, used for memory error detection.")
set (PRINT_UNSYMBOLIZED_STACK_TRACES OFF CACHE BOOL "Print file offsets in traces instead of symbolizing")
set (SITE "zhanyuxiaodeMacBook-Air.local" CACHE STRING "Name of the computer/site where compile is being run")
set (Unwind_INCLUDE_DIR "/Library/Developer/CommandLineTools/SDKs/MacOSX14.2.sdk/usr/include" CACHE PATH "unwind include directory")
set (Unwind_LIBRARY "Unwind_LIBRARY-NOTFOUND" CACHE FILEPATH "unwind library")
set (WITH_CUSTOM_PREFIX OFF CACHE BOOL "Enable support for user-generated message prefixes")
set (WITH_GFLAGS ON CACHE BOOL "Use gflags")
set (WITH_GMOCK ON CACHE BOOL "Use Google Mock")
set (WITH_GTEST ON CACHE BOOL "Use Google Test")
set (WITH_PKGCONFIG ON CACHE BOOL "Enable pkg-config support")
set (WITH_SYMBOLIZE ON CACHE BOOL "Enable symbolize module")
set (WITH_THREADS ON CACHE BOOL "Enable multithreading support")
set (WITH_TLS ON CACHE BOOL "Enable Thread Local Storage (TLS) support")
set (WITH_UNWIND ON CACHE BOOL "Enable libunwind support")
set (gflags_DIR "/opt/anaconda3/lib/cmake/gflags" CACHE PATH "The directory containing a CMake configuration file for gflags.")
set (gtest_build_samples OFF CACHE BOOL "Build gtest's sample programs.")
set (gtest_build_tests OFF CACHE BOOL "Build all of gtest's own tests.")
set (gtest_disable_pthreads OFF CACHE BOOL "Disable uses of pthreads in gtest.")
set (gtest_force_shared_crt OFF CACHE BOOL "Use shared (DLL) run-time lib even when Google Test is built as static lib.")
set (gtest_hide_internal_symbols OFF CACHE BOOL "Build gtest with internal symbols hidden in shared libraries.")
" "-P" "/Users/zhanyuxiao/Desktop/Class_materials/database/labs/lab6/minisql/thirdparty/glog/cmake/TestInitPackageConfig.cmake"
Directory: /Users/zhanyuxiao/Desktop/Class_materials/database/labs/lab6/minisql/cmake-build-debug/glog-build
"cmake_package_config_init" start time: Apr 21 23:30 CST
Output:
----------------------------------------------------------
<end of output>
Test time =   0.02 sec
----------------------------------------------------------
Test Passed.
"cmake_package_config_init" end time: Apr 21 23:30 CST
"cmake_package_config_init" time elapsed: 00:00:00
----------------------------------------------------------

8/28 Testing: cmake_package_config_generate
8/28 Test: cmake_package_config_generate
Command: "/Applications/CLion.app/Contents/bin/cmake/mac/aarch64/bin/cmake" "-DGENERATOR=Ninja" "-DGENERATOR_PLATFORM=" "-DGENERATOR_TOOLSET=" "-DINITIAL_CACHE=/Users/zhanyuxiao/Desktop/Class_materials/database/labs/lab6/minisql/cmake-build-debug/glog-build/test_package_config/glog_package_config_initial_cache.cmake" "-DPACKAGE_DIR=/Users/zhanyuxiao/Desktop/Class_materials/database/labs/lab6/minisql/cmake-build-debug/glog-build" "-DPATH=/opt/homebrew/bin:/opt/anaconda3/bin:/opt/anaconda3/condabin:/opt/homebrew/bin:/opt/homebrew/sbin:/Library/Frameworks/Python.framework/Versions/3.12/bin:/usr/local/bin:/System/Cryptexes/App/usr/bin:/usr/bin:/bin:/usr/sbin:/sbin:/var/run/com.apple.security.cryptexd/codex.system/bootstrap/usr/local/bin:/var/run/com.apple.security.cryptexd/codex.system/bootstrap/usr/bin:/var/run/com.apple.security.cryptexd/codex.system/bootstrap/usr/appleinternal/bin:/opt/X11/bin:/Applications/VMware Fusion.app/Contents/Public:/Users/zhanyuxiao/Library/Application Support/JetBrains/Toolbox/scripts:/opt/homebrew/opt/python/libexec/bin:/Users/zhanyuxiao/abin:/opt/homebrew/opt/python/libexec/bin:/Library/Java/JavaVirtualMachines/jdk-23.jdk/Contents/Home/bin:/usr/local/mysql/bin:/Applications/CLion.app/Contents/bin/ninja/mac/aarch64" "-DSOURCE_DIR=/Users/zhanyuxiao/Desktop/Class_materials/database/labs/lab6/minisql/thirdparty/glog/src/package_config_unittest/working_config" "-DTEST_BINARY_DIR=/Users/zhanyuxiao/Desktop/Class_materials/database/labs/lab6/minisql/cmake-build-debug/glog-build/test_package_config/working_config" "-P" "/Users/zhanyuxiao/Desktop/Class_materials/database/labs/lab6/minisql/thirdparty/glog/cmake/TestPackageConfig.cmake"
Directory: /Users/zhanyuxiao/Desktop/Class_materials/database/labs/lab6/minisql/cmake-build-debug/glog-build
"cmake_package_config_generate" start time: Apr 21 23:30 CST
Output:
----------------------------------------------------------
CMake Warning:
  Ignoring extra path from command line:

   "/Users/zhanyuxiao/Desktop/Class_materials/database/labs/lab6/minisql/cmake-build-debug/glog-build/test_package_config/working_config/env"


CMake Warning:
  Ignoring extra path from command line:

   "/Applications/CLion.app/Contents/bin/cmake/mac/aarch64/bin/cmake"


loading initial cache file /Users/zhanyuxiao/Desktop/Class_materials/database/labs/lab6/minisql/cmake-build-debug/glog-build/test_package_config/glog_package_config_initial_cache.cmake
-- The CXX compiler identification is AppleClang 15.0.0.15000100
-- Detecting CXX compiler ABI info
-- Detecting CXX compiler ABI info - done
-- Check for working CXX compiler: /Library/Developer/CommandLineTools/usr/bin/c++ - skipped
-- Detecting CXX compile features
-- Detecting CXX compile features - done
-- Configuring done (0.7s)
-- Generating done (0.0s)
-- Build files have been written to: /Users/zhanyuxiao/Desktop/Class_materials/database/labs/lab6/minisql/cmake-build-debug/glog-build/test_package_config/working_config
<end of output>
Test time =   0.75 sec
----------------------------------------------------------
Test Passed.
"cmake_package_config_generate" end time: Apr 21 23:30 CST
"cmake_package_config_generate" time elapsed: 00:00:00
----------------------------------------------------------

9/28 Testing: cmake_package_config_build
9/28 Test: cmake_package_config_build
Command: "/Applications/CLion.app/Contents/bin/cmake/mac/aarch64/bin/cmake" "--build" "/Users/zhanyuxiao/Desktop/Class_materials/database/labs/lab6/minisql/cmake-build-debug/glog-build/test_package_config/working_config" "--config" "Debug"
Directory: /Users/zhanyuxiao/Desktop/Class_materials/database/labs/lab6/minisql/cmake-build-debug/glog-build
"cmake_package_config_build" start time: Apr 21 23:30 CST
Output:
----------------------------------------------------------
[1/2] Building CXX object CMakeFiles/glog_package_config.dir/glog_package_config.cc.o
[2/2] Linking CXX executable glog_package_config
<end of output>
Test time =   0.23 sec
----------------------------------------------------------
Test Passed.
"cmake_package_config_build" end time: Apr 21 23:30 CST
"cmake_package_config_build" time elapsed: 00:00:00
----------------------------------------------------------

10/28 Testing: cmake_package_config_cleanup
10/28 Test: cmake_package_config_cleanup
Command: "/Applications/CLion.app/Contents/bin/cmake/mac/aarch64/bin/cmake" "-E" "remove_directory" "/Users/zhanyuxiao/Desktop/Class_materials/database/labs/lab6/minisql/cmake-build-debug/glog-build/test_package_config"
Directory: /Users/zhanyuxiao/Desktop/Class_materials/database/labs/lab6/minisql/cmake-build-debug/glog-build
"cmake_package_config_cleanup" start time: Apr 21 23:30 CST
Output:
----------------------------------------------------------
<end of output>
Test time =   0.01 sec
----------------------------------------------------------
Test Passed.
"cmake_package_config_cleanup" end time: Apr 21 23:30 CST
"cmake_package_config_cleanup" time elapsed: 00:00:00
----------------------------------------------------------

11/28 Testing: cleanup_init
11/28 Test: cleanup_init
Command: "/Applications/CLion.app/Contents/bin/cmake/mac/aarch64/bin/cmake" "-E" "make_directory" "/Users/zhanyuxiao/Desktop/Class_materials/database/labs/lab6/minisql/cmake-build-debug/glog-build/cleanup_tests"
Directory: /Users/zhanyuxiao/Desktop/Class_materials/database/labs/lab6/minisql/cmake-build-debug/glog-build
"cleanup_init" start time: Apr 21 23:30 CST
Output:
----------------------------------------------------------
<end of output>
Test time =   0.00 sec
----------------------------------------------------------
Test Passed.
"cleanup_init" end time: Apr 21 23:30 CST
"cleanup_init" time elapsed: 00:00:00
----------------------------------------------------------

13/28 Testing: cleanup_immediately
13/28 Test: cleanup_immediately
Command: "/Applications/CLion.app/Contents/bin/cmake/mac/aarch64/bin/cmake" "-DLOGCLEANUP=/Users/zhanyuxiao/Desktop/Class_materials/database/labs/lab6/minisql/cmake-build-debug/glog-build/cleanup_immediately_unittest" "-DTEST_DIR=/Users/zhanyuxiao/Desktop/Class_materials/database/labs/lab6/minisql/cmake-build-debug/glog-build/cleanup_tests/" "-P" "/Users/zhanyuxiao/Desktop/Class_materials/database/labs/lab6/minisql/thirdparty/glog/cmake/RunCleanerTest1.cmake"
Directory: /Users/zhanyuxiao/Desktop/Class_materials/database/labs/lab6/minisql/cmake-build-debug/glog-build
"cleanup_immediately" start time: Apr 21 23:30 CST
Output:
----------------------------------------------------------
Passed 1 tests

PASS
Passed 1 tests

PASS
Passed 1 tests

PASS
<end of output>
Test time =   3.66 sec
----------------------------------------------------------
Test Passed.
"cleanup_immediately" end time: Apr 21 23:30 CST
"cleanup_immediately" time elapsed: 00:00:03
----------------------------------------------------------

14/28 Testing: cleanup_with_absolute_prefix
14/28 Test: cleanup_with_absolute_prefix
Command: "/Applications/CLion.app/Contents/bin/cmake/mac/aarch64/bin/cmake" "-DLOGCLEANUP=/Users/zhanyuxiao/Desktop/Class_materials/database/labs/lab6/minisql/cmake-build-debug/glog-build/cleanup_with_absolute_prefix_unittest" "-DTEST_DIR=/Users/zhanyuxiao/Desktop/Class_materials/database/labs/lab6/minisql/cmake-build-debug/glog-build/" "-P" "/Users/zhanyuxiao/Desktop/Class_materials/database/labs/lab6/minisql/thirdparty/glog/cmake/RunCleanerTest2.cmake"
Directory: /Users/zhanyuxiao/Desktop/Class_materials/database/labs/lab6/minisql/cmake-build-debug/glog-build
"cleanup_with_absolute_prefix" start time: Apr 21 23:30 CST
Output:
----------------------------------------------------------
E20250421 23:30:33.274797 17195356 cleanup_with_absolute_prefix_unittest.cc:68] cleanup test
E20250421 23:30:33.275341 17195356 cleanup_with_absolute_prefix_unittest.cc:68] cleanup test
E20250421 23:30:33.275357 17195356 cleanup_with_absolute_prefix_unittest.cc:68] cleanup test
E20250421 23:30:33.275369 17195356 cleanup_with_absolute_prefix_unittest.cc:68] cleanup test
E20250421 23:30:33.275380 17195356 cleanup_with_absolute_prefix_unittest.cc:68] cleanup test
E20250421 23:30:33.275390 17195356 cleanup_with_absolute_prefix_unittest.cc:68] cleanup test
E20250421 23:30:33.275400 17195356 cleanup_with_absolute_prefix_unittest.cc:68] cleanup test
E20250421 23:30:33.275410 17195356 cleanup_with_absolute_prefix_unittest.cc:68] cleanup test
E20250421 23:30:33.275420 17195356 cleanup_with_absolute_prefix_unittest.cc:68] cleanup test
E20250421 23:30:33.275429 17195356 cleanup_with_absolute_prefix_unittest.cc:68] cleanup test
Passed 1 tests

PASS
E20250421 23:30:34.337783 17195386 cleanup_with_absolute_prefix_unittest.cc:68] cleanup test
E20250421 23:30:34.338435 17195386 cleanup_with_absolute_prefix_unittest.cc:68] cleanup test
E20250421 23:30:34.338457 17195386 cleanup_with_absolute_prefix_unittest.cc:68] cleanup test
E20250421 23:30:34.338477 17195386 cleanup_with_absolute_prefix_unittest.cc:68] cleanup test
E20250421 23:30:34.338497 17195386 cleanup_with_absolute_prefix_unittest.cc:68] cleanup test
E20250421 23:30:34.338516 17195386 cleanup_with_absolute_prefix_unittest.cc:68] cleanup test
E20250421 23:30:34.338536 17195386 cleanup_with_absolute_prefix_unittest.cc:68] cleanup test
E20250421 23:30:34.338555 17195386 cleanup_with_absolute_prefix_unittest.cc:68] cleanup test
E20250421 23:30:34.338574 17195386 cleanup_with_absolute_prefix_unittest.cc:68] cleanup test
E20250421 23:30:34.338593 17195386 cleanup_with_absolute_prefix_unittest.cc:68] cleanup test
Passed 1 tests

PASS
E20250421 23:30:35.381584 17195437 cleanup_with_absolute_prefix_unittest.cc:68] cleanup test
E20250421 23:30:35.382129 17195437 cleanup_with_absolute_prefix_unittest.cc:68] cleanup test
E20250421 23:30:35.382153 17195437 cleanup_with_absolute_prefix_unittest.cc:68] cleanup test
E20250421 23:30:35.382176 17195437 cleanup_with_absolute_prefix_unittest.cc:68] cleanup test
E20250421 23:30:35.382197 17195437 cleanup_with_absolute_prefix_unittest.cc:68] cleanup test
E20250421 23:30:35.382216 17195437 cleanup_with_absolute_prefix_unittest.cc:68] cleanup test
E20250421 23:30:35.382236 17195437 cleanup_with_absolute_prefix_unittest.cc:68] cleanup test
E20250421 23:30:35.382257 17195437 cleanup_with_absolute_prefix_unittest.cc:68] cleanup test
E20250421 23:30:35.382277 17195437 cleanup_with_absolute_prefix_unittest.cc:68] cleanup test
E20250421 23:30:35.382297 17195437 cleanup_with_absolute_prefix_unittest.cc:68] cleanup test
Passed 1 tests

PASS
<end of output>
Test time =   3.71 sec
----------------------------------------------------------
Test Passed.
"cleanup_with_absolute_prefix" end time: Apr 21 23:30 CST
"cleanup_with_absolute_prefix" time elapsed: 00:00:03
----------------------------------------------------------

15/28 Testing: cleanup_with_relative_prefix
15/28 Test: cleanup_with_relative_prefix
Command: "/Applications/CLion.app/Contents/bin/cmake/mac/aarch64/bin/cmake" "-DLOGCLEANUP=/Users/zhanyuxiao/Desktop/Class_materials/database/labs/lab6/minisql/cmake-build-debug/glog-build/cleanup_with_relative_prefix_unittest" "-DTEST_DIR=/Users/zhanyuxiao/Desktop/Class_materials/database/labs/lab6/minisql/cmake-build-debug/glog-build/" "-DTEST_SUBDIR=test_subdir/" "-P" "/Users/zhanyuxiao/Desktop/Class_materials/database/labs/lab6/minisql/thirdparty/glog/cmake/RunCleanerTest3.cmake"
Directory: /Users/zhanyuxiao/Desktop/Class_materials/database/labs/lab6/minisql/cmake-build-debug/glog-build
"cleanup_with_relative_prefix" start time: Apr 21 23:30 CST
Output:
----------------------------------------------------------
Passed 1 tests

PASS
Passed 1 tests

PASS
Passed 1 tests

PASS
<end of output>
Test time =   6.49 sec
----------------------------------------------------------
Test Passed.
"cleanup_with_relative_prefix" end time: Apr 21 23:30 CST
"cleanup_with_relative_prefix" time elapsed: 00:00:06
----------------------------------------------------------

12/28 Testing: cleanup_logdir
12/28 Test: cleanup_logdir
Command: "/Applications/CLion.app/Contents/bin/cmake/mac/aarch64/bin/cmake" "-E" "remove_directory" "/Users/zhanyuxiao/Desktop/Class_materials/database/labs/lab6/minisql/cmake-build-debug/glog-build/cleanup_tests"
Directory: /Users/zhanyuxiao/Desktop/Class_materials/database/labs/lab6/minisql/cmake-build-debug/glog-build
"cleanup_logdir" start time: Apr 21 23:30 CST
Output:
----------------------------------------------------------
<end of output>
Test time =   0.01 sec
----------------------------------------------------------
Test Passed.
"cleanup_logdir" end time: Apr 21 23:30 CST
"cleanup_logdir" time elapsed: 00:00:00
----------------------------------------------------------

Unable to find executable: /Users/zhanyuxiao/Desktop/Class_materials/database/labs/lab6/minisql/cmake-build-debug/test/buffer_pool_manager_test
16/28 Testing: buffer_pool_manager_test
16/28 Test: buffer_pool_manager_test
Command: "" "--gtest_color=yes" "--gtest_output=xml:/Users/zhanyuxiao/Desktop/Class_materials/database/labs/lab6/minisql/cmake-build-debug/test/buffer_pool_manager_test.xml"
Directory: /Users/zhanyuxiao/Desktop/Class_materials/database/labs/lab6/minisql/cmake-build-debug/test
"buffer_pool_manager_test" start time: 
Output:
----------------------------------------------------------
<end of output>
Test time =   0.00 sec
----------------------------------------------------------
Test Passed.
"buffer_pool_manager_test" end time: Apr 21 23:30 CST
"buffer_pool_manager_test" time elapsed: 00:00:00
----------------------------------------------------------

Unable to find executable: /Users/zhanyuxiao/Desktop/Class_materials/database/labs/lab6/minisql/cmake-build-debug/test/lru_replacer_test
17/28 Testing: lru_replacer_test
17/28 Test: lru_replacer_test
Command: "" "--gtest_color=yes" "--gtest_output=xml:/Users/zhanyuxiao/Desktop/Class_materials/database/labs/lab6/minisql/cmake-build-debug/test/lru_replacer_test.xml"
Directory: /Users/zhanyuxiao/Desktop/Class_materials/database/labs/lab6/minisql/cmake-build-debug/test
"lru_replacer_test" start time: 
Output:
----------------------------------------------------------
<end of output>
Test time =   0.00 sec
----------------------------------------------------------
Test Passed.
"lru_replacer_test" end time: Apr 21 23:30 CST
"lru_replacer_test" time elapsed: 00:00:00
----------------------------------------------------------

Unable to find executable: /Users/zhanyuxiao/Desktop/Class_materials/database/labs/lab6/minisql/cmake-build-debug/test/catalog_test
18/28 Testing: catalog_test
18/28 Test: catalog_test
Command: "" "--gtest_color=yes" "--gtest_output=xml:/Users/zhanyuxiao/Desktop/Class_materials/database/labs/lab6/minisql/cmake-build-debug/test/catalog_test.xml"
Directory: /Users/zhanyuxiao/Desktop/Class_materials/database/labs/lab6/minisql/cmake-build-debug/test
"catalog_test" start time: 
Output:
----------------------------------------------------------
<end of output>
Test time =   0.00 sec
----------------------------------------------------------
Test Passed.
"catalog_test" end time: Apr 21 23:30 CST
"catalog_test" time elapsed: 00:00:00
----------------------------------------------------------

Unable to find executable: /Users/zhanyuxiao/Desktop/Class_materials/database/labs/lab6/minisql/cmake-build-debug/test/lock_manager_test
19/28 Testing: lock_manager_test
19/28 Test: lock_manager_test
Command: "" "--gtest_color=yes" "--gtest_output=xml:/Users/zhanyuxiao/Desktop/Class_materials/database/labs/lab6/minisql/cmake-build-debug/test/lock_manager_test.xml"
Directory: /Users/zhanyuxiao/Desktop/Class_materials/database/labs/lab6/minisql/cmake-build-debug/test
"lock_manager_test" start time: 
Output:
----------------------------------------------------------
<end of output>
Test time =   0.00 sec
----------------------------------------------------------
Test Passed.
"lock_manager_test" end time: Apr 21 23:30 CST
"lock_manager_test" time elapsed: 00:00:00
----------------------------------------------------------

Unable to find executable: /Users/zhanyuxiao/Desktop/Class_materials/database/labs/lab6/minisql/cmake-build-debug/test/executor_test
20/28 Testing: executor_test
20/28 Test: executor_test
Command: "" "--gtest_color=yes" "--gtest_output=xml:/Users/zhanyuxiao/Desktop/Class_materials/database/labs/lab6/minisql/cmake-build-debug/test/executor_test.xml"
Directory: /Users/zhanyuxiao/Desktop/Class_materials/database/labs/lab6/minisql/cmake-build-debug/test
"executor_test" start time: 
Output:
----------------------------------------------------------
<end of output>
Test time =   0.00 sec
----------------------------------------------------------
Test Passed.
"executor_test" end time: Apr 21 23:30 CST
"executor_test" time elapsed: 00:00:00
----------------------------------------------------------

Unable to find executable: /Users/zhanyuxiao/Desktop/Class_materials/database/labs/lab6/minisql/cmake-build-debug/test/b_plus_tree_index_test
21/28 Testing: b_plus_tree_index_test
21/28 Test: b_plus_tree_index_test
Command: "" "--gtest_color=yes" "--gtest_output=xml:/Users/zhanyuxiao/Desktop/Class_materials/database/labs/lab6/minisql/cmake-build-debug/test/b_plus_tree_index_test.xml"
Directory: /Users/zhanyuxiao/Desktop/Class_materials/database/labs/lab6/minisql/cmake-build-debug/test
"b_plus_tree_index_test" start time: 
Output:
----------------------------------------------------------
<end of output>
Test time =   0.00 sec
----------------------------------------------------------
Test Passed.
"b_plus_tree_index_test" end time: Apr 21 23:30 CST
"b_plus_tree_index_test" time elapsed: 00:00:00
----------------------------------------------------------

Unable to find executable: /Users/zhanyuxiao/Desktop/Class_materials/database/labs/lab6/minisql/cmake-build-debug/test/b_plus_tree_test
22/28 Testing: b_plus_tree_test
22/28 Test: b_plus_tree_test
Command: "" "--gtest_color=yes" "--gtest_output=xml:/Users/zhanyuxiao/Desktop/Class_materials/database/labs/lab6/minisql/cmake-build-debug/test/b_plus_tree_test.xml"
Directory: /Users/zhanyuxiao/Desktop/Class_materials/database/labs/lab6/minisql/cmake-build-debug/test
"b_plus_tree_test" start time: 
Output:
----------------------------------------------------------
<end of output>
Test time =   0.00 sec
----------------------------------------------------------
Test Passed.
"b_plus_tree_test" end time: Apr 21 23:30 CST
"b_plus_tree_test" time elapsed: 00:00:00
----------------------------------------------------------

Unable to find executable: /Users/zhanyuxiao/Desktop/Class_materials/database/labs/lab6/minisql/cmake-build-debug/test/index_iterator_test
23/28 Testing: index_iterator_test
23/28 Test: index_iterator_test
Command: "" "--gtest_color=yes" "--gtest_output=xml:/Users/zhanyuxiao/Desktop/Class_materials/database/labs/lab6/minisql/cmake-build-debug/test/index_iterator_test.xml"
Directory: /Users/zhanyuxiao/Desktop/Class_materials/database/labs/lab6/minisql/cmake-build-debug/test
"index_iterator_test" start time: 
Output:
----------------------------------------------------------
<end of output>
Test time =   0.00 sec
----------------------------------------------------------
Test Passed.
"index_iterator_test" end time: Apr 21 23:30 CST
"index_iterator_test" time elapsed: 00:00:00
----------------------------------------------------------

Unable to find executable: /Users/zhanyuxiao/Desktop/Class_materials/database/labs/lab6/minisql/cmake-build-debug/test/index_roots_page_test
24/28 Testing: index_roots_page_test
24/28 Test: index_roots_page_test
Command: "" "--gtest_color=yes" "--gtest_output=xml:/Users/zhanyuxiao/Desktop/Class_materials/database/labs/lab6/minisql/cmake-build-debug/test/index_roots_page_test.xml"
Directory: /Users/zhanyuxiao/Desktop/Class_materials/database/labs/lab6/minisql/cmake-build-debug/test
"index_roots_page_test" start time: 
Output:
----------------------------------------------------------
<end of output>
Test time =   0.00 sec
----------------------------------------------------------
Test Passed.
"index_roots_page_test" end time: Apr 21 23:30 CST
"index_roots_page_test" time elapsed: 00:00:00
----------------------------------------------------------

Unable to find executable: /Users/zhanyuxiao/Desktop/Class_materials/database/labs/lab6/minisql/cmake-build-debug/test/tuple_test
25/28 Testing: tuple_test
25/28 Test: tuple_test
Command: "" "--gtest_color=yes" "--gtest_output=xml:/Users/zhanyuxiao/Desktop/Class_materials/database/labs/lab6/minisql/cmake-build-debug/test/tuple_test.xml"
Directory: /Users/zhanyuxiao/Desktop/Class_materials/database/labs/lab6/minisql/cmake-build-debug/test
"tuple_test" start time: 
Output:
----------------------------------------------------------
<end of output>
Test time =   0.00 sec
----------------------------------------------------------
Test Passed.
"tuple_test" end time: Apr 21 23:30 CST
"tuple_test" time elapsed: 00:00:00
----------------------------------------------------------

Unable to find executable: /Users/zhanyuxiao/Desktop/Class_materials/database/labs/lab6/minisql/cmake-build-debug/test/recovery_manager_test
26/28 Testing: recovery_manager_test
26/28 Test: recovery_manager_test
Command: "" "--gtest_color=yes" "--gtest_output=xml:/Users/zhanyuxiao/Desktop/Class_materials/database/labs/lab6/minisql/cmake-build-debug/test/recovery_manager_test.xml"
Directory: /Users/zhanyuxiao/Desktop/Class_materials/database/labs/lab6/minisql/cmake-build-debug/test
"recovery_manager_test" start time: 
Output:
----------------------------------------------------------
<end of output>
Test time =   0.00 sec
----------------------------------------------------------
Test Passed.
"recovery_manager_test" end time: Apr 21 23:30 CST
"recovery_manager_test" time elapsed: 00:00:00
----------------------------------------------------------

Unable to find executable: /Users/zhanyuxiao/Desktop/Class_materials/database/labs/lab6/minisql/cmake-build-debug/test/disk_manager_test
27/28 Testing: disk_manager_test
27/28 Test: disk_manager_test
Command: "" "--gtest_color=yes" "--gtest_output=xml:/Users/zhanyuxiao/Desktop/Class_materials/database/labs/lab6/minisql/cmake-build-debug/test/disk_manager_test.xml"
Directory: /Users/zhanyuxiao/Desktop/Class_materials/database/labs/lab6/minisql/cmake-build-debug/test
"disk_manager_test" start time: 
Output:
----------------------------------------------------------
<end of output>
Test time =   0.00 sec
----------------------------------------------------------
Test Passed.
"disk_manager_test" end time: Apr 21 23:30 CST
"disk_manager_test" time elapsed: 00:00:00
----------------------------------------------------------

Unable to find executable: /Users/zhanyuxiao/Desktop/Class_materials/database/labs/lab6/minisql/cmake-build-debug/test/table_heap_test
28/28 Testing: table_heap_test
28/28 Test: table_heap_test
Command: "" "--gtest_color=yes" "--gtest_output=xml:/Users/zhanyuxiao/Desktop/Class_materials/database/labs/lab6/minisql/cmake-build-debug/test/table_heap_test.xml"
Directory: /Users/zhanyuxiao/Desktop/Class_materials/database/labs/lab6/minisql/cmake-build-debug/test
"table_heap_test" start time: 
Output:
----------------------------------------------------------
<end of output>
Test time =   0.00 sec
----------------------------------------------------------
Test Passed.
"table_heap_test" end time: Apr 21 23:30 CST
"table_heap_test" time elapsed: 00:00:00
----------------------------------------------------------

End testing: Apr 21 23:30 CST
